  [1m[35m (1673.0ms)[0m  [1m[35mCREATE DATABASE "voting_development" ENCODING = 'unicode'[0m
  ↳ bin/rails:9
  [1m[35m (958.0ms)[0m  [1m[35mCREATE DATABASE "voting_test" ENCODING = 'unicode'[0m
  ↳ bin/rails:9
  [1m[35m (108.0ms)[0m  [1m[35mCREATE TABLE "schema_migrations" ("version" character varying NOT NULL PRIMARY KEY)[0m
  ↳ bin/rails:9
  [1m[35m (118.5ms)[0m  [1m[35mCREATE TABLE "ar_internal_metadata" ("key" character varying NOT NULL PRIMARY KEY, "value" character varying, "created_at" timestamp NOT NULL, "updated_at" timestamp NOT NULL)[0m
  ↳ bin/rails:9
  [1m[35m (4.5ms)[0m  [1m[34mSELECT pg_try_advisory_lock(8648845049267613225)[0m
  ↳ bin/rails:9
  [1m[35m (0.7ms)[0m  [1m[34mSELECT "schema_migrations"."version" FROM "schema_migrations" ORDER BY "schema_migrations"."version" ASC[0m
  ↳ bin/rails:9
Migrating to CreateRegions (20191105033843)
  [1m[35m (0.3ms)[0m  [1m[35mBEGIN[0m
  ↳ bin/rails:9
  [1m[35m (109.7ms)[0m  [1m[35mCREATE TABLE "regions" ("id" bigserial primary key, "name" character varying, "created_at" timestamp NOT NULL, "updated_at" timestamp NOT NULL)[0m
  ↳ db/migrate/20191105033843_create_regions.rb:3
  [1m[36mActiveRecord::SchemaMigration Create (0.5ms)[0m  [1m[32mINSERT INTO "schema_migrations" ("version") VALUES ($1) RETURNING "version"[0m  [["version", "20191105033843"]]
  ↳ bin/rails:9
  [1m[35m (43.8ms)[0m  [1m[35mCOMMIT[0m
  ↳ bin/rails:9
Migrating to CreateCommunes (20191105034500)
  [1m[35m (0.3ms)[0m  [1m[35mBEGIN[0m
  ↳ bin/rails:9
  [1m[35m (203.4ms)[0m  [1m[35mCREATE TABLE "communes" ("id" bigserial primary key, "name" character varying, "region_id" bigint, "created_at" timestamp NOT NULL, "updated_at" timestamp NOT NULL, CONSTRAINT "fk_rails_9f434ab280"
FOREIGN KEY ("region_id")
  REFERENCES "regions" ("id")
)[0m
  ↳ db/migrate/20191105034500_create_communes.rb:3
  [1m[35m (53.6ms)[0m  [1m[35mCREATE  INDEX  "index_communes_on_region_id" ON "communes"  ("region_id")[0m
  ↳ db/migrate/20191105034500_create_communes.rb:3
  [1m[36mActiveRecord::SchemaMigration Create (0.6ms)[0m  [1m[32mINSERT INTO "schema_migrations" ("version") VALUES ($1) RETURNING "version"[0m  [["version", "20191105034500"]]
  ↳ bin/rails:9
  [1m[35m (11.0ms)[0m  [1m[35mCOMMIT[0m
  ↳ bin/rails:9
Migrating to CreateFokontanies (20191105034821)
  [1m[35m (0.4ms)[0m  [1m[35mBEGIN[0m
  ↳ bin/rails:9
  [1m[35m (98.4ms)[0m  [1m[35mCREATE TABLE "fokontanies" ("id" bigserial primary key, "name" character varying, "commune_id" bigint, "created_at" timestamp NOT NULL, "updated_at" timestamp NOT NULL, CONSTRAINT "fk_rails_132f108351"
FOREIGN KEY ("commune_id")
  REFERENCES "communes" ("id")
)[0m
  ↳ db/migrate/20191105034821_create_fokontanies.rb:3
  [1m[35m (52.1ms)[0m  [1m[35mCREATE  INDEX  "index_fokontanies_on_commune_id" ON "fokontanies"  ("commune_id")[0m
  ↳ db/migrate/20191105034821_create_fokontanies.rb:3
  [1m[36mActiveRecord::SchemaMigration Create (0.5ms)[0m  [1m[32mINSERT INTO "schema_migrations" ("version") VALUES ($1) RETURNING "version"[0m  [["version", "20191105034821"]]
  ↳ bin/rails:9
  [1m[35m (9.9ms)[0m  [1m[35mCOMMIT[0m
  ↳ bin/rails:9
Migrating to CreateRecensements (20191105035018)
  [1m[35m (0.3ms)[0m  [1m[35mBEGIN[0m
  ↳ bin/rails:9
  [1m[35m (85.6ms)[0m  [1m[35mCREATE TABLE "recensements" ("id" bigserial primary key, "full_name" character varying, "cin" character varying, "contact" character varying, "fokontany_id" bigint, "created_at" timestamp NOT NULL, "updated_at" timestamp NOT NULL, CONSTRAINT "fk_rails_99d0ceb6b3"
FOREIGN KEY ("fokontany_id")
  REFERENCES "fokontanies" ("id")
)[0m
  ↳ db/migrate/20191105035018_create_recensements.rb:3
  [1m[35m (41.0ms)[0m  [1m[35mCREATE  INDEX  "index_recensements_on_fokontany_id" ON "recensements"  ("fokontany_id")[0m
  ↳ db/migrate/20191105035018_create_recensements.rb:3
  [1m[36mActiveRecord::SchemaMigration Create (0.5ms)[0m  [1m[32mINSERT INTO "schema_migrations" ("version") VALUES ($1) RETURNING "version"[0m  [["version", "20191105035018"]]
  ↳ bin/rails:9
  [1m[35m (9.4ms)[0m  [1m[35mCOMMIT[0m
  ↳ bin/rails:9
Migrating to CreateUsers (20191105044852)
  [1m[35m (0.3ms)[0m  [1m[35mBEGIN[0m
  ↳ bin/rails:9
  [1m[35m (117.1ms)[0m  [1m[35mCREATE TABLE "users" ("id" bigserial primary key, "nom" character varying, "is_admin" boolean, "email" character varying, "password" character varying, "region_id" bigint, "commune_id" bigint, "fokontany_id" bigint, "created_at" timestamp NOT NULL, "updated_at" timestamp NOT NULL, CONSTRAINT "fk_rails_b3a8faedd1"
FOREIGN KEY ("region_id")
  REFERENCES "regions" ("id")
, CONSTRAINT "fk_rails_9184d5befc"
FOREIGN KEY ("commune_id")
  REFERENCES "communes" ("id")
, CONSTRAINT "fk_rails_30f62a9966"
FOREIGN KEY ("fokontany_id")
  REFERENCES "fokontanies" ("id")
)[0m
  ↳ db/migrate/20191105044852_create_users.rb:3
  [1m[35m (28.5ms)[0m  [1m[35mCREATE  INDEX  "index_users_on_region_id" ON "users"  ("region_id")[0m
  ↳ db/migrate/20191105044852_create_users.rb:3
  [1m[35m (32.5ms)[0m  [1m[35mCREATE  INDEX  "index_users_on_commune_id" ON "users"  ("commune_id")[0m
  ↳ db/migrate/20191105044852_create_users.rb:3
  [1m[35m (53.3ms)[0m  [1m[35mCREATE  INDEX  "index_users_on_fokontany_id" ON "users"  ("fokontany_id")[0m
  ↳ db/migrate/20191105044852_create_users.rb:3
  [1m[36mActiveRecord::SchemaMigration Create (0.6ms)[0m  [1m[32mINSERT INTO "schema_migrations" ("version") VALUES ($1) RETURNING "version"[0m  [["version", "20191105044852"]]
  ↳ bin/rails:9
  [1m[35m (17.0ms)[0m  [1m[35mCOMMIT[0m
  ↳ bin/rails:9
Migrating to CreateCandidats (20191105050357)
  [1m[35m (0.4ms)[0m  [1m[35mBEGIN[0m
  ↳ bin/rails:9
  [1m[35m (93.8ms)[0m  [1m[35mCREATE TABLE "candidats" ("id" bigserial primary key, "description" text, "created_at" timestamp NOT NULL, "updated_at" timestamp NOT NULL)[0m
  ↳ db/migrate/20191105050357_create_candidats.rb:3
  [1m[36mActiveRecord::SchemaMigration Create (0.6ms)[0m  [1m[32mINSERT INTO "schema_migrations" ("version") VALUES ($1) RETURNING "version"[0m  [["version", "20191105050357"]]
  ↳ bin/rails:9
  [1m[35m (16.1ms)[0m  [1m[35mCOMMIT[0m
  ↳ bin/rails:9
Migrating to CreateVotes (20191105054035)
  [1m[35m (0.3ms)[0m  [1m[35mBEGIN[0m
  ↳ bin/rails:9
  [1m[35m (58.8ms)[0m  [1m[35mCREATE TABLE "votes" ("id" bigserial primary key, "recensement_id" bigint, "candidat_id" bigint, "created_at" timestamp NOT NULL, "updated_at" timestamp NOT NULL, CONSTRAINT "fk_rails_d447487f18"
FOREIGN KEY ("recensement_id")
  REFERENCES "recensements" ("id")
, CONSTRAINT "fk_rails_be6e557969"
FOREIGN KEY ("candidat_id")
  REFERENCES "candidats" ("id")
)[0m
  ↳ db/migrate/20191105054035_create_votes.rb:3
  [1m[35m (41.9ms)[0m  [1m[35mCREATE  INDEX  "index_votes_on_recensement_id" ON "votes"  ("recensement_id")[0m
  ↳ db/migrate/20191105054035_create_votes.rb:3
  [1m[35m (65.2ms)[0m  [1m[35mCREATE  INDEX  "index_votes_on_candidat_id" ON "votes"  ("candidat_id")[0m
  ↳ db/migrate/20191105054035_create_votes.rb:3
  [1m[36mActiveRecord::SchemaMigration Create (0.5ms)[0m  [1m[32mINSERT INTO "schema_migrations" ("version") VALUES ($1) RETURNING "version"[0m  [["version", "20191105054035"]]
  ↳ bin/rails:9
  [1m[35m (15.2ms)[0m  [1m[35mCOMMIT[0m
  ↳ bin/rails:9
  [1m[36mActiveRecord::InternalMetadata Load (0.6ms)[0m  [1m[34mSELECT  "ar_internal_metadata".* FROM "ar_internal_metadata" WHERE "ar_internal_metadata"."key" = $1 LIMIT $2[0m  [["key", "environment"], ["LIMIT", 1]]
  ↳ bin/rails:9
  [1m[35m (0.3ms)[0m  [1m[35mBEGIN[0m
  ↳ bin/rails:9
  [1m[36mActiveRecord::InternalMetadata Create (0.7ms)[0m  [1m[32mINSERT INTO "ar_internal_metadata" ("key", "value", "created_at", "updated_at") VALUES ($1, $2, $3, $4) RETURNING "key"[0m  [["key", "environment"], ["value", "development"], ["created_at", "2019-11-05 05:51:00.836131"], ["updated_at", "2019-11-05 05:51:00.836131"]]
  ↳ bin/rails:9
  [1m[35m (12.5ms)[0m  [1m[35mCOMMIT[0m
  ↳ bin/rails:9
  [1m[35m (0.4ms)[0m  [1m[34mSELECT pg_advisory_unlock(8648845049267613225)[0m
  ↳ bin/rails:9
  [1m[35m (0.4ms)[0m  [1m[34mSELECT "schema_migrations"."version" FROM "schema_migrations" ORDER BY "schema_migrations"."version" ASC[0m
  ↳ bin/rails:9
